<?xml version="1.0" encoding="UTF-8"?>
<robot generator="Robot 4.1.3 (Python 3.10.2 on win32)" generated="20220207 16:19:37.505" rpa="false" schemaversion="2">
<suite id="s1" name="testDemo6" source="C:\Users\AAKYURT\PycharmProjects\RobotFrameWork\test\testDemo6.robot">
<test id="s1-t1" name="Validate UnSuccesful Login">
<kw name="open the generic browser with the url" library="Generic" type="SETUP">
<arg>Chrome</arg>
<kw name="Create Webdriver" library="SeleniumLibrary">
<arg>${browser_name}</arg>
<arg>executable_path=../drivers/${browser_name}.exe</arg>
<doc>Creates an instance of Selenium WebDriver.</doc>
<msg timestamp="20220207 16:19:37.874" level="INFO">Creating an instance of the Chrome WebDriver.</msg>
<msg timestamp="20220207 16:19:38.594" level="INFO">Cannot capture screenshot because no browser is open.</msg>
<msg timestamp="20220207 16:19:38.634" level="FAIL">SessionNotCreatedException: Message: Unable to find a matching set of capabilities
</msg>
<status status="FAIL" starttime="20220207 16:19:37.873" endtime="20220207 16:19:38.634"/>
</kw>
<kw name="Go To" library="SeleniumLibrary">
<arg>${Url}</arg>
<doc>Navigates the current browser window to the provided ``url``.</doc>
<status status="NOT RUN" starttime="20220207 16:19:38.635" endtime="20220207 16:19:38.635"/>
</kw>
<status status="FAIL" starttime="20220207 16:19:37.873" endtime="20220207 16:19:38.635"/>
</kw>
<kw name="Close Browser Session" library="Generic" type="TEARDOWN">
<kw name="Close Browser" library="SeleniumLibrary">
<doc>Closes the current browser.</doc>
<status status="PASS" starttime="20220207 16:19:38.637" endtime="20220207 16:19:38.637"/>
</kw>
<status status="PASS" starttime="20220207 16:19:38.636" endtime="20220207 16:19:38.637"/>
</kw>
<status status="FAIL" starttime="20220207 16:19:37.872" endtime="20220207 16:19:38.637">Setup failed:
SessionNotCreatedException: Message: Unable to find a matching set of capabilities
</status>
</test>
<doc>To validate the Login form</doc>
<status status="FAIL" starttime="20220207 16:19:37.522" endtime="20220207 16:19:38.642"/>
</suite>
<statistics>
<total>
<stat pass="0" fail="1" skip="0">All Tests</stat>
</total>
<tag>
</tag>
<suite>
<stat pass="0" fail="1" skip="0" id="s1" name="testDemo6">testDemo6</stat>
</suite>
</statistics>
<errors>
</errors>
</robot>
